-------------------------------------------------------------------------------
Test set: com.example.gradecalculator.GradeCalculatorTest
-------------------------------------------------------------------------------
Tests run: 18, Failures: 17, Errors: 1, Skipped: 0, Time elapsed: 0.137 s <<< FAILURE! - in com.example.gradecalculator.GradeCalculatorTest
testLetterGrade{String, double, String}[1]  Time elapsed: 0.05 s  <<< FAILURE!
org.opentest4j.AssertionFailedError: A range ==> expected: java.lang.String@55183b20<A> but was: java.lang.Character@4f83df68<A>
	at com.example.gradecalculator.GradeCalculatorTest.testLetterGrade(GradeCalculatorTest.java:22)

testLetterGrade{String, double, String}[2]  Time elapsed: 0.002 s  <<< FAILURE!
org.opentest4j.AssertionFailedError: B range ==> expected: java.lang.String@459e9125<B> but was: java.lang.Character@128d2484<B>
	at com.example.gradecalculator.GradeCalculatorTest.testLetterGrade(GradeCalculatorTest.java:22)

testLetterGrade{String, double, String}[3]  Time elapsed: 0.003 s  <<< FAILURE!
org.opentest4j.AssertionFailedError: C range ==> expected: java.lang.String@7cc0cdad<C> but was: java.lang.Character@7c7b252e<C>
	at com.example.gradecalculator.GradeCalculatorTest.testLetterGrade(GradeCalculatorTest.java:22)

testLetterGrade{String, double, String}[4]  Time elapsed: 0.003 s  <<< FAILURE!
org.opentest4j.AssertionFailedError: D range ==> expected: java.lang.String@4d5d943d<D> but was: java.lang.Character@368f2016<D>
	at com.example.gradecalculator.GradeCalculatorTest.testLetterGrade(GradeCalculatorTest.java:22)

testLetterGrade{String, double, String}[5]  Time elapsed: 0.002 s  <<< FAILURE!
org.opentest4j.AssertionFailedError: F range ==> expected: java.lang.String@4c583ecf<F> but was: java.lang.Character@692f203f<F>
	at com.example.gradecalculator.GradeCalculatorTest.testLetterGrade(GradeCalculatorTest.java:22)

testLetterGrade{String, double, String}[6]  Time elapsed: 0.002 s  <<< FAILURE!
org.opentest4j.AssertionFailedError: just above A  ==> expected: java.lang.String@55183b20<A> but was: java.lang.Character@4f83df68<A>
	at com.example.gradecalculator.GradeCalculatorTest.testLetterGrade(GradeCalculatorTest.java:22)

testLetterGrade{String, double, String}[7]  Time elapsed: 0.002 s  <<< FAILURE!
org.opentest4j.AssertionFailedError: A to B boundary ==> expected: java.lang.String@55183b20<A> but was: java.lang.Character@4f83df68<A>
	at com.example.gradecalculator.GradeCalculatorTest.testLetterGrade(GradeCalculatorTest.java:22)

testLetterGrade{String, double, String}[8]  Time elapsed: 0.002 s  <<< FAILURE!
org.opentest4j.AssertionFailedError: just below A ==> expected: java.lang.String@459e9125<B> but was: java.lang.Character@128d2484<B>
	at com.example.gradecalculator.GradeCalculatorTest.testLetterGrade(GradeCalculatorTest.java:22)

testLetterGrade{String, double, String}[9]  Time elapsed: 0.001 s  <<< FAILURE!
org.opentest4j.AssertionFailedError: just above B  ==> expected: java.lang.String@459e9125<B> but was: java.lang.Character@128d2484<B>
	at com.example.gradecalculator.GradeCalculatorTest.testLetterGrade(GradeCalculatorTest.java:22)

testLetterGrade{String, double, String}[10]  Time elapsed: 0.001 s  <<< FAILURE!
org.opentest4j.AssertionFailedError: B to C boundary ==> expected: java.lang.String@459e9125<B> but was: java.lang.Character@128d2484<B>
	at com.example.gradecalculator.GradeCalculatorTest.testLetterGrade(GradeCalculatorTest.java:22)

testLetterGrade{String, double, String}[11]  Time elapsed: 0.003 s  <<< FAILURE!
org.opentest4j.AssertionFailedError: just below B ==> expected: java.lang.String@7cc0cdad<C> but was: java.lang.Character@7c7b252e<C>
	at com.example.gradecalculator.GradeCalculatorTest.testLetterGrade(GradeCalculatorTest.java:22)

testLetterGrade{String, double, String}[12]  Time elapsed: 0.002 s  <<< FAILURE!
org.opentest4j.AssertionFailedError: just above C  ==> expected: java.lang.String@7cc0cdad<C> but was: java.lang.Character@7c7b252e<C>
	at com.example.gradecalculator.GradeCalculatorTest.testLetterGrade(GradeCalculatorTest.java:22)

testLetterGrade{String, double, String}[13]  Time elapsed: 0.002 s  <<< FAILURE!
org.opentest4j.AssertionFailedError: C to D boundary ==> expected: java.lang.String@7cc0cdad<C> but was: java.lang.Character@7c7b252e<C>
	at com.example.gradecalculator.GradeCalculatorTest.testLetterGrade(GradeCalculatorTest.java:22)

testLetterGrade{String, double, String}[14]  Time elapsed: 0.005 s  <<< FAILURE!
org.opentest4j.AssertionFailedError: just below C ==> expected: java.lang.String@4d5d943d<D> but was: java.lang.Character@368f2016<D>
	at com.example.gradecalculator.GradeCalculatorTest.testLetterGrade(GradeCalculatorTest.java:22)

testLetterGrade{String, double, String}[15]  Time elapsed: 0.002 s  <<< FAILURE!
org.opentest4j.AssertionFailedError: just above D ==> expected: java.lang.String@4d5d943d<D> but was: java.lang.Character@368f2016<D>
	at com.example.gradecalculator.GradeCalculatorTest.testLetterGrade(GradeCalculatorTest.java:22)

testLetterGrade{String, double, String}[16]  Time elapsed: 0.014 s  <<< FAILURE!
org.opentest4j.AssertionFailedError: D to F boundary ==> expected: java.lang.String@4d5d943d<D> but was: java.lang.Character@368f2016<D>
	at com.example.gradecalculator.GradeCalculatorTest.testLetterGrade(GradeCalculatorTest.java:22)

testLetterGrade{String, double, String}[17]  Time elapsed: 0.002 s  <<< FAILURE!
org.opentest4j.AssertionFailedError: just below D ==> expected: java.lang.String@4c583ecf<F> but was: java.lang.Character@692f203f<F>
	at com.example.gradecalculator.GradeCalculatorTest.testLetterGrade(GradeCalculatorTest.java:22)

testLetterGradeExceptions{String, double, String}  Time elapsed: 0.004 s  <<< ERROR!
org.junit.platform.commons.PreconditionViolationException: Could not find factory method [letterGradeTestGeneratorExceptions] in class [com.example.gradecalculator.GradeCalculatorTest]

