<?xml version="1.0" encoding="UTF-8"?>
<testsuite xmlns:xsi="http://www.w3.org/2001/XMLSchema-instance" xsi:noNamespaceSchemaLocation="https://maven.apache.org/surefire/maven-surefire-plugin/xsd/surefire-test-report.xsd" name="com.example.gradecalculator.mutationTests" time="0.023" tests="4" errors="0" skipped="0" failures="4">
  <properties>
    <property name="java.specification.version" value="23"/>
    <property name="sun.jnu.encoding" value="UTF-8"/>
    <property name="java.class.path" value="/Users/raphaelsule/Documents/COLGATE/semester 6/software analysis and testing/Final/grade-calculator/target/test-classes:/Users/raphaelsule/Documents/COLGATE/semester 6/software analysis and testing/Final/grade-calculator/target/classes:/Users/raphaelsule/.m2/repository/org/junit/jupiter/junit-jupiter/5.9.1/junit-jupiter-5.9.1.jar:/Users/raphaelsule/.m2/repository/org/junit/jupiter/junit-jupiter-api/5.9.1/junit-jupiter-api-5.9.1.jar:/Users/raphaelsule/.m2/repository/org/opentest4j/opentest4j/1.2.0/opentest4j-1.2.0.jar:/Users/raphaelsule/.m2/repository/org/junit/platform/junit-platform-commons/1.9.1/junit-platform-commons-1.9.1.jar:/Users/raphaelsule/.m2/repository/org/apiguardian/apiguardian-api/1.1.2/apiguardian-api-1.1.2.jar:/Users/raphaelsule/.m2/repository/org/junit/jupiter/junit-jupiter-params/5.9.1/junit-jupiter-params-5.9.1.jar:/Users/raphaelsule/.m2/repository/org/junit/jupiter/junit-jupiter-engine/5.9.1/junit-jupiter-engine-5.9.1.jar:/Users/raphaelsule/.m2/repository/org/junit/platform/junit-platform-engine/1.9.1/junit-platform-engine-1.9.1.jar:/Users/raphaelsule/.m2/repository/org/pitest/pitest-junit5-plugin/1.1.2/pitest-junit5-plugin-1.1.2.jar:"/>
    <property name="java.vm.vendor" value="Homebrew"/>
    <property name="sun.arch.data.model" value="64"/>
    <property name="java.vendor.url" value="https://github.com/Homebrew/homebrew-core/issues"/>
    <property name="os.name" value="Mac OS X"/>
    <property name="java.vm.specification.version" value="23"/>
    <property name="sun.java.launcher" value="SUN_STANDARD"/>
    <property name="user.country" value="US"/>
    <property name="sun.boot.library.path" value="/usr/local/Cellar/openjdk/23.0.2/libexec/openjdk.jdk/Contents/Home/lib"/>
    <property name="sun.java.command" value="/Users/raphaelsule/Documents/COLGATE/semester 6/software analysis and testing/Final/grade-calculator/target/surefire/surefirebooter12190929743548353081.jar /Users/raphaelsule/Documents/COLGATE/semester 6/software analysis and testing/Final/grade-calculator/target/surefire 2025-05-01T22-09-24_409-jvmRun1 surefire1579716749560956750tmp surefire_09254147834143449144tmp"/>
    <property name="http.nonProxyHosts" value="local|*.local|169.254/16|*.169.254/16"/>
    <property name="jdk.debug" value="release"/>
    <property name="surefire.test.class.path" value="/Users/raphaelsule/Documents/COLGATE/semester 6/software analysis and testing/Final/grade-calculator/target/test-classes:/Users/raphaelsule/Documents/COLGATE/semester 6/software analysis and testing/Final/grade-calculator/target/classes:/Users/raphaelsule/.m2/repository/org/junit/jupiter/junit-jupiter/5.9.1/junit-jupiter-5.9.1.jar:/Users/raphaelsule/.m2/repository/org/junit/jupiter/junit-jupiter-api/5.9.1/junit-jupiter-api-5.9.1.jar:/Users/raphaelsule/.m2/repository/org/opentest4j/opentest4j/1.2.0/opentest4j-1.2.0.jar:/Users/raphaelsule/.m2/repository/org/junit/platform/junit-platform-commons/1.9.1/junit-platform-commons-1.9.1.jar:/Users/raphaelsule/.m2/repository/org/apiguardian/apiguardian-api/1.1.2/apiguardian-api-1.1.2.jar:/Users/raphaelsule/.m2/repository/org/junit/jupiter/junit-jupiter-params/5.9.1/junit-jupiter-params-5.9.1.jar:/Users/raphaelsule/.m2/repository/org/junit/jupiter/junit-jupiter-engine/5.9.1/junit-jupiter-engine-5.9.1.jar:/Users/raphaelsule/.m2/repository/org/junit/platform/junit-platform-engine/1.9.1/junit-platform-engine-1.9.1.jar:/Users/raphaelsule/.m2/repository/org/pitest/pitest-junit5-plugin/1.1.2/pitest-junit5-plugin-1.1.2.jar:"/>
    <property name="sun.cpu.endian" value="little"/>
    <property name="user.home" value="/Users/raphaelsule"/>
    <property name="user.language" value="en"/>
    <property name="java.specification.vendor" value="Oracle Corporation"/>
    <property name="java.version.date" value="2025-01-21"/>
    <property name="java.home" value="/usr/local/Cellar/openjdk/23.0.2/libexec/openjdk.jdk/Contents/Home"/>
    <property name="file.separator" value="/"/>
    <property name="basedir" value="/Users/raphaelsule/Documents/COLGATE/semester 6/software analysis and testing/Final/grade-calculator"/>
    <property name="java.vm.compressedOopsMode" value="Zero based"/>
    <property name="line.separator" value="&#10;"/>
    <property name="java.vm.specification.vendor" value="Oracle Corporation"/>
    <property name="java.specification.name" value="Java Platform API Specification"/>
    <property name="apple.awt.application.name" value="ForkedBooter"/>
    <property name="surefire.real.class.path" value="/Users/raphaelsule/Documents/COLGATE/semester 6/software analysis and testing/Final/grade-calculator/target/surefire/surefirebooter12190929743548353081.jar"/>
    <property name="sun.management.compiler" value="HotSpot 64-Bit Tiered Compilers"/>
    <property name="ftp.nonProxyHosts" value="local|*.local|169.254/16|*.169.254/16"/>
    <property name="java.runtime.version" value="23.0.2"/>
    <property name="user.name" value="raphaelsule"/>
    <property name="stdout.encoding" value="UTF-8"/>
    <property name="path.separator" value=":"/>
    <property name="os.version" value="13.7.5"/>
    <property name="java.runtime.name" value="OpenJDK Runtime Environment"/>
    <property name="file.encoding" value="UTF-8"/>
    <property name="java.vm.name" value="OpenJDK 64-Bit Server VM"/>
    <property name="java.vendor.version" value="Homebrew"/>
    <property name="localRepository" value="/Users/raphaelsule/.m2/repository"/>
    <property name="java.vendor.url.bug" value="https://github.com/Homebrew/homebrew-core/issues"/>
    <property name="java.io.tmpdir" value="/var/folders/1b/r37z10nd23q5m8n94v4kdcjr0000gn/T/"/>
    <property name="java.version" value="23.0.2"/>
    <property name="user.dir" value="/Users/raphaelsule/Documents/COLGATE/semester 6/software analysis and testing/Final/grade-calculator"/>
    <property name="os.arch" value="x86_64"/>
    <property name="java.vm.specification.name" value="Java Virtual Machine Specification"/>
    <property name="native.encoding" value="UTF-8"/>
    <property name="java.library.path" value="/Users/raphaelsule/Library/Java/Extensions:/Library/Java/Extensions:/Network/Library/Java/Extensions:/System/Library/Java/Extensions:/usr/lib/java:."/>
    <property name="java.vm.info" value="mixed mode, sharing"/>
    <property name="stderr.encoding" value="UTF-8"/>
    <property name="java.vendor" value="Homebrew"/>
    <property name="java.vm.version" value="23.0.2"/>
    <property name="sun.io.unicode.encoding" value="UnicodeBig"/>
    <property name="socksNonProxyHosts" value="local|*.local|169.254/16|*.169.254/16"/>
    <property name="java.class.version" value="67.0"/>
  </properties>
  <testcase name="test_CalculateLetterGrade_MutationKilling{String, double, String}[1]" classname="com.example.gradecalculator.mutationTests" time="0">
    <failure message="Mutation ≥ vs &gt; at A boundary ==&gt; expected: java.lang.String@55183b20&lt;A&gt; but was: java.lang.Character@4f83df68&lt;A&gt;" type="org.opentest4j.AssertionFailedError"><![CDATA[org.opentest4j.AssertionFailedError: Mutation ≥ vs > at A boundary ==> expected: java.lang.String@55183b20<A> but was: java.lang.Character@4f83df68<A>
	at com.example.gradecalculator.mutationTests.test_CalculateLetterGrade_MutationKilling(mutationTests.java:14)
]]></failure>
  </testcase>
  <testcase name="test_CalculateLetterGrade_MutationKilling{String, double, String}[2]" classname="com.example.gradecalculator.mutationTests" time="0.001">
    <failure message="Mutation ≥ vs &gt; at B boundary ==&gt; expected: java.lang.String@459e9125&lt;B&gt; but was: java.lang.Character@128d2484&lt;B&gt;" type="org.opentest4j.AssertionFailedError"><![CDATA[org.opentest4j.AssertionFailedError: Mutation ≥ vs > at B boundary ==> expected: java.lang.String@459e9125<B> but was: java.lang.Character@128d2484<B>
	at com.example.gradecalculator.mutationTests.test_CalculateLetterGrade_MutationKilling(mutationTests.java:14)
]]></failure>
  </testcase>
  <testcase name="test_CalculateLetterGrade_MutationKilling{String, double, String}[3]" classname="com.example.gradecalculator.mutationTests" time="0.013">
    <failure message="Mutation ≥ vs &gt; at C boundary ==&gt; expected: java.lang.String@7cc0cdad&lt;C&gt; but was: java.lang.Character@7c7b252e&lt;C&gt;" type="org.opentest4j.AssertionFailedError"><![CDATA[org.opentest4j.AssertionFailedError: Mutation ≥ vs > at C boundary ==> expected: java.lang.String@7cc0cdad<C> but was: java.lang.Character@7c7b252e<C>
	at com.example.gradecalculator.mutationTests.test_CalculateLetterGrade_MutationKilling(mutationTests.java:14)
]]></failure>
  </testcase>
  <testcase name="test_CalculateLetterGrade_MutationKilling{String, double, String}[4]" classname="com.example.gradecalculator.mutationTests" time="0.005">
    <failure message="Mutation ≥ vs &gt; at D boundary ==&gt; expected: java.lang.String@4d5d943d&lt;D&gt; but was: java.lang.Character@368f2016&lt;D&gt;" type="org.opentest4j.AssertionFailedError"><![CDATA[org.opentest4j.AssertionFailedError: Mutation ≥ vs > at D boundary ==> expected: java.lang.String@4d5d943d<D> but was: java.lang.Character@368f2016<D>
	at com.example.gradecalculator.mutationTests.test_CalculateLetterGrade_MutationKilling(mutationTests.java:14)
]]></failure>
  </testcase>
</testsuite>